Build started 2016-04-17 12:22:59 PM.
     1>Project "C:\Users\Austin\Downloads\TUI-File-Browser-master\TUI-File-Browser-master\File Browser\File Browser.vcxproj" on node 2 (Build target(s)).
     1>ClCompile:
         C:\Program Files (x86)\Microsoft Visual Studio 12.0\VC\bin\CL.exe /c /ZI /nologo /W3 /WX- /Od /Oy- /D WIN32 /D _DEBUG /D _CONSOLE /D _LIB /D _UNICODE /D UNICODE /Gm /EHsc /RTC1 /MDd /GS /fp:precise /Zc:wchar_t /Zc:forScope /Fo"Debug\\" /Fd"Debug\vc120.pdb" /Gd /TP /analyze- /errorReport:prompt Console.cpp ConsoleAPI.cpp ConsoleApp.cpp FileBrowser.cpp main.cpp
         main.cpp
         FileBrowser.cpp
         ConsoleApp.cpp
         ConsoleAPI.cpp
         Console.cpp
         Generating Code...
       Link:
         C:\Program Files (x86)\Microsoft Visual Studio 12.0\VC\bin\link.exe /ERRORREPORT:PROMPT /OUT:"C:\Users\Austin\Downloads\TUI-File-Browser-master\TUI-File-Browser-master\Debug\File Browser.exe" /INCREMENTAL /NOLOGO kernel32.lib user32.lib gdi32.lib winspool.lib comdlg32.lib advapi32.lib shell32.lib ole32.lib oleaut32.lib uuid.lib odbc32.lib odbccp32.lib /MANIFEST /MANIFESTUAC:"level='asInvoker' uiAccess='false'" /manifest:embed /DEBUG /PDB:"C:\Users\Austin\Downloads\TUI-File-Browser-master\TUI-File-Browser-master\Debug\File Browser.pdb" /SUBSYSTEM:CONSOLE /TLBID:1 /DYNAMICBASE /NXCOMPAT /IMPLIB:"C:\Users\Austin\Downloads\TUI-File-Browser-master\TUI-File-Browser-master\Debug\File Browser.lib" /MACHINE:X86 Debug\Console.obj
         Debug\ConsoleAPI.obj
         Debug\ConsoleApp.obj
         Debug\FileBrowser.obj
         Debug\main.obj
         File Browser.vcxproj -> C:\Users\Austin\Downloads\TUI-File-Browser-master\TUI-File-Browser-master\Debug\File Browser.exe
     1>Done Building Project "C:\Users\Austin\Downloads\TUI-File-Browser-master\TUI-File-Browser-master\File Browser\File Browser.vcxproj" (Build target(s)).

Build succeeded.

Time Elapsed 00:00:10.72
